108 the /ðә/  adv. [用于比较级,最高级前]	art. 这(那),这(那)些
24 that /ðәt/  pron. 那	adj. 如此的, 上文提到的, 特定的	adv. 非常	conj. 引导宾语从句等从句
24 which /witʃ; (-) hwitʃ/  pron. 哪一个	adj. 哪一个,哪一些
21 and /&#601;nd, &#230;nd/  conj. 和	逻辑与
12 this /ðis/  adj. &pron. 这,这个
12 for /fә(r)/  conj. 因为	prep. 给,为，关于,代表,支持,因为,往
11 with /wið/  prep. 和...一起,用, 随着, 包括
10 one /wʌn/  n. 一, 第一个, 一美元纸币	adj. 单一的, 某一个, 同一种类的, 同意的, 唯一的	pron. 某人, 任何人
10 his /hɪz/  pron. 他的
10 you /ju:/  pron. 你,你们
9 are /a:(r)/  vi. 是,在(be动词,系动词)
8 from /frәm/  prep. 从,从...起
7 who /huː, hʊ; hu/  prep. …的, 谁, 他, 她, 他们	pron. 谁
7 has /hæv/  aux. 已经,曾经	n. 吃,从事,得到,雇用,享有,有,允许	v. 有
6 him /him/  pron. 他(宾格)
5 public /'pʌblik/  adj. 公开的,众所周知的,公众的	n. 公共场合,公众,同好者
5 more /mɔ:(r)/  adv.更，更多； 达到或处于更大的范围或程度； 此外，更加	adj.更多的； (many)的比较级； 附加的，额外的	pron.更多的或附加的人或事物	n.更多； 附加，添加
5 little /'lit(ә)l/  adj. 小的	adv. 毫不，少量地	n. 几乎没有（指数量或程度等）
5 traveller /'tr&#230;vl&#601;/  n. 旅行者	=traveler（美）
5 mayor /meә(r); (-) 'meiәr/  n. 市长
5 will /wil/  aux.将，将会； 会，要	n.愿意； 意志（力）； [法]遗嘱	vt.决心要； 将（财产等）遗赠某人； 用意志力驱使（某事发生）	vi.愿意， 希望， 想要
5 was /w&#596;z/  prep. is, am的过去式，是
4 before /bi'fɔ:(r)/  prep.在…之前； 先于，优于； 当着…的面； 与其…	conj.在…之前； 在…以前； 比…早些； 与其…	adv.先前，从前； 在前，在前方
4 hundred /'hʌndrәd/  n. 百,百个东西	adj. 百,百个
4 sorel /'sɔrәl/  n.<英>[动]3岁的雄鹿
4 some /sʌm/  adj. 一些,少许,某一	adv. 大约, 在某种程度上	pron. 一些,一部份,若干
4 certain /'sә:t(ә)n/  adj. 一定的	pron. 某几个,某些	 肯定的,无疑的,必然发生的
3 all /ɔ:l/  adj. 所有的,全部的	adv. 全部,非常,全然,所有	pron. 全部,所有	n. 全部
3 france /fræns/  n. 法国
3 its /its/  pron.（it的所有格)它的
3 walls /wɔ:l/  n. 墙壁,垣,绝境	vt. 堵塞, 分割, 用墙围住, 演戏般地转动(眼睛)	vi. 演戏般地转动(眼睛)
3 not /nɔt/  adv. 不	[计算机] "非"
3 since /sins/  adv. 后来	conj. 既然,因为,自从	prep. 自从
3 first /fә:st/  adv. 首先,第一,优先	adj. 第一的, 最早的, 一流的	n. (序数词)第一, 第一个人或事物, (大学学位的)最优等, (汽车, 自行车等的)最低挡
3 their /ðeә(r)/  adj. 他们的,它们的	pron. 他(她,它)们的
3 have /hæv/  aux. 已经,曾经	n. 吃,从事,得到,雇用,享有,有,允许	v. 有
3 fine /fain/  n. 罚款,罚金,结尾	vt. 罚款	vi. 净化，细化	adj. 美好的, 优质的, 精致的，晴朗的, 健康的，纤细的，恭维的，辞藻华丽的	adv. 恰好地，合适地
3 towns /taun/  n. 城镇,城市
3 those /&#240;&#601;uz/  pron.&amp;adj. 那些
3 these /&#240;i:z/  adj.&pron. 这些
3 position /pә'ziʃ(ә)n/  n. 位置, 职位; 状态, 立场	vt. 安置, 决定...的位置
3 had /h&#230;d/  v. 有, 吃, 使	vbl. 有, 吃, 让	conj. 有
3 sight /sait/  n. 景观, 视力, 眼界	vt. 看见, 观看	vi. 瞄准
3 power /'pauә(r)/  n. 力量, 权力，电力	vt. 供电，激励，全速前进	adj. 与力量有关的，与权力有关的，电力控制的
3 into /'intu/  prep. 到...里
3 down /daun/  adj. 向下的,降低的,情绪低落,停止运行	adv. 向下的,下跌,在南方	n. 绒毛,汗毛,轻视	prep. 沿着...而下
3 made /meid/  adj. 制造的，捏造的，拼成的，肯定会成功的	动词make的过去式和过去分词形式
3 called /kɔ:l/  v.呼唤，喊叫； 召唤，叫来，召集； 下令，命令； 打电话给	n.喊叫，大声喊； 电话联络； 必要，理由； 要求
3 when /wen; (-) hwen/  adv.什么时候； （用于时间的表达方式之后）在那时； 其时； 当时	conj.在…时； 既然； 如果	pron.什么时候； 那时	n.时间，时候； 日期； 场合
3 gardens /'ga:d(ә)n/  n. 花园, 果园, 菜园, 草地	vi. 栽培花木, 从事园艺工作	vt. 造园, 以花园装饰	adj.花园的, 园艺的, 绿化的, 平凡的
2 four /fɔ:(r)/  num. 四	pron.&amp;adj. 四(个,只...)
2 whose /hu:z/  pron. 谁的
2 hammers /'hæmә(r)/  n. 锤,榔头	vi. 锤击,反复敲打	vt. 锤打,严厉批评
2 every /'evri/  adj. 每,每个,每隔...的
2 fall /fɔ:l/  n. 秋天, 落下, 瀑布	v. 倒下, 落下, 来临
2 nail /neil/  n. 钉子,指甲	vt. 钉, 使牢固, 抓捕, 敲定
2 what /wɔt; (-) hwat/  pron. 什么,...的事情,无论什么	adv. 什么,怎么	adj. 什么,任何
2 goes /gәuz/  vbl.go 的第三人称单数现在式 n.go的复数
2 obtained /әb'tein/  vt. 获得, 得到	vi. 通用, 流行, 存在
2 great /greit/  adj. 大量的, 很好的, 美好的, 伟大的, 重要的	adv. (口语)好极了
2 opinion /ә'pinjәn/  n. 看法,意见	v. 判断,意见,主张
2 six /siks/  n.六；六个；六岁；六点 num.六；六个
2 how /hau/  adv. 如何,怎样,多么,多少	conj. 如何,怎样,以...方式	n. 方式
2 after /'a:ftә(r)/  adj. 以后的	adv. 以后, 后来	conj. 在...以后	prep. 在...之后
2 such /sʌtʃ/  adj. 如此的,这样的	pron. 这样的	adv. 如此地
2 man /mæn/  n. 男人,人类,人	vt. 为...配备人手,使...振奋
2 banks /bæŋk/  n. 银行,堤,岸	vt. 堆积	vi. 开户, 把...存入银行
2 years /jiә(r)/  n.年； 年纪； 一年的期间； 某年级的学生
2 now /nau/  n. 现在,此刻	adj. 现存的, 目前的	adv. 现在,立刻	conj. 既然	abbr. =National Organization of Women 全国妇女组织
2 house /haus/  n. 房子,住宅,全家人,议院	vt. 提供住,安置, 收容	vi. 居住, 躲避
2 factory /'fæktәri/  n. 工厂, 制造场所
2 houses /haus/  n. 房子,住宅,全家人,议院	vt. 提供住,安置, 收容	vi. 居住, 躲避
2 reason /'ri:z(ә)n/  n. 理由,原因,理智,理性	vt. 说服,总结	vi. 规劝,下判断
2 beginning /bi'giniŋ/  n. 开始,开端，起源，早期	adj. 刚开始的	动词begin的现在分词
2 could /kud/  aux.“can”的过去式； 能够，打算； 用于假设语气的条件句； 用于虚拟语气的结论句
2 iron /'aiәn; (-) 'aiәrn/  adj. 刚强的	n. 铁, 熨斗, 坚强, (复数)铁制物	vt. 熨烫(平), 用铁装备	vi. 熨烫(平)
2 saw /sɔ:/  vbl. 看见(see的过去式)	n. 锯	vt.& vi.用锯子锯
2 many /'meni/  n. 许多人,许多	adj. 许多的	pron. 许多人或物
2 most /mәust; (-) mɔ:st/  adv.最，最多（大）； much的最高级； 非常，很； 几乎	adj.many的最高级； 最多的，最大的； 大概的； 大多数的，大部分的	n.最大限度； 大部分； 大多数人
2 should /ʃʊd, ʃʊd/  verb auxiliary. 应该,竟然,可能
2 nearly /'niәli/  adv. 几乎, 差不多
2 entered /'entә(r)/  vi. 进入,参加,开始,上台,进入角色	vt. 进入,报名,开始,加入,报价,提出	[计算机] 送入
2 louis /'lu:i/  n.路易斯(男子名)
2 enters /'entә(r)/  vi. 进入,参加,开始,上台,进入角色	vt. 进入,报名,开始,加入,报价,提出	[计算机] 送入
2 belongs /bi'lɔŋ/  vi. 属于，适合于
2 build /bild/  vt. &vi. 建造，创建，开发，逐渐增强	n. 体格，身材
2 big /big/  adj. 大的,重要的	adv. 以郑重的方式,大数量	n. 杰出的组织和个人
2 old /әuld/  adj. 老的,过时的,某年龄的,以前的,陈旧的,熟悉的,成熟的	n. 古时,某年龄
2 people /'pi:p(ә)l/  n. 民族,人,人们,人民,家人	vt. 居住于
2 motive /'mәutiv/  adj. 发动的,运动的,积极的,动机的	n. 动机, 主题	vt. 促使, 使有动机
2 esteem /i'sti:m/  n. 尊敬	vt. 认为,尊敬
2 your /jɔ:(r)/  pron. 你的, 你们的
2 mountains /'mauntin/  n. 山,山脉,大量
2 magnificent /mæg'nifisәnt/  adj. 壮丽的,宏伟的,极好的
2 but /bәt/  adv. 仅仅,只	conj. 但是	prep. 除...以外	pron. 只有
2 residence /'rezidәns/  n. 住处, 住宅, 居住
2 ago /ә'gәu/  adv. 以前
2 time /taim/  n.时间； 时刻； 时代； 次	vt.为…安排时间； 测定…的时间； 调准（机械的）速度； 拨准（钟、表）的快慢	vi.合拍； 和谐； 打拍子	adj.定时的； 定期的； [美国英语]分期（付款）的
1 limited /'limitid/  adj. 有限的
1 surrounded /sә'raund/  n. 环绕物	vt. 包围,环绕
1 forget /fә'get/  vt. &vi. 忘记,忽略
1 represent /ri:pri'zent/  vt. 表现, 表示, 描绘, 代表	vi. 提出异议
1 caused /kɔ:z/  vt.引起, 使发生	n.原因
1 hats /hæt/  n. 帽子,职位	vt. 给...戴帽子	vi. 提供帽子
1 lack /læk/  vt.缺乏，缺少； 需要的东西	n.缺乏，不足，没有； 缺少的东西
1 causes /kɔ:z/  vt.引起, 使发生	n.原因
1 paris /'pæris/  n. 巴黎
1 father /'fa:ðә(r)/  n. 父亲,鼻祖	vt. 作为父亲生育子女	vi. 像父亲般照顾
1 young /jʌŋ/  adj. 年轻的,没有经验的,初期的	n. 青年人,幼崽
1 answered /'a:nsә(r); (-) 'ænsәr/  vt.& vi.答复； 解答； 答辩； 适应	n.回答； 答案； 反应； 足以媲美的人
1 smile /smail/  n. 微笑,喜色	vt. 微笑,微笑地表示, 以微笑完成	vi. 微笑, 赞许, 一笑而过
1 fatal /'feit(ә)l/  adj. 致命的, 毁灭性的, 决定性的
1 belonging /bi'l&#596;&#331;i&#331;;b&#601;'l&#596;&#331;i&#331;/  n. ［常pl.］所有物, 行李
1 garden /'ga:d(ә)n/  n. 花园, 果园, 菜园, 草地	vi. 栽培花木, 从事园艺工作	vt. 造园, 以花园装饰	adj.花园的, 园艺的, 绿化的, 平凡的
1 very /'veri/  adj. 真正的,完全的,自己的,仅仅的,同一个,特别的	adv. 真的,非常
1 dispense /di'spens/  v. 分发，提供 dispense with somebody/something 摒弃，停用
1 continues /kәn'tinju:/  vt. &vi. 继续, 连续, 维持
1 induce /in'dju:s; (-) in'du:s/  vt. 引诱,导致,催生
1 mania /'meiniә/  n. 狂躁, 热衷, 狂热
1 awful /'ɔ:ful/  adj. 可怕的, 畏惧的, 充满敬畏的, 艰难的	adv. 极其
1 din /din/  n. 喧嚣	v. 絮聒不休地说, 喧闹
1 knight /nait/  n. 骑士,爵士,武士	vt. 授以爵位
1 having /'hæviŋ/  n.所有,持有
1 large /la:dʒ/  adj. 广泛的,大的,强烈的	adv. 普遍地, 大量地
1 solid /'sɔlid/  adj. 固体的,结实的,可靠的,实心的	n. 固体,实心
1 small /smɔ:l/  adj. 小的,少的	adv. 些许地	n. 狭小部分
1 inspection /in'spekʃ(ә)n/  n. 检查,视察
1 penetrates /'penitreit/  vt. &vi. 穿透,渗透,看穿
1 pass /pa:s; (-) pæs/  vt.& vi.走过； 通过； 批准； 度过	vt.传球； 及格； 发生； 不要	n.通道； 通行证； 关口； 越过
1 further /'fә:ðә(r)/  adj. 更远的	adv. 此外, 进一步地	v. 促进, 推动	vt. 促进
1 even /'i:v(ә)n/  adj. 平坦的, 偶数的, 相等的	adv. 甚至, 恰好, 正当	v. 使平坦, 相等
1 established /i'stæbliʃt/  adj. 确定的,建成的,建立的,被制定的
1 imported /'impɔ:t/  n. 进口	vi. 进口,输入	vt. 输入,进口
1 advantageous /ædvәn'teidʒәs/  adj. 有利的，有助的，有益的
1 solemn /'sɔlәm/  adj. 庄严的, 严肃的, 隆重的
1 favour /'feiv&#601;/  [英]n. 偏爱；赞同；善行	vt. 赞成；喜爱；有助于
1 supplied /sә'plai/  n. 补给,供给,供应，贮备	vt. 补给,供给,提供,提供足够以满足
1 enjoyed /in'dʒɔi/  vt. &vi. 享受,喜欢
1 supplies /sә'plai/  n. 补给,供给,供应，贮备	vt. 补给,供给,提供,提供足够以满足
1 ever /'evә(r)/  adv. 曾经, 永远, 究竟
1 exercise /'eksәsaiz/  n. 练习,作业,运动	vt. 运用	vi. 锻炼
1 told //  vbl.tell的过去式和过去分词
1 exchange /iks'tʃeindʒ/  n. 交换,交换物,汇兑,交易所	vt. &vi. 交换,交易,兑换
1 stared /sta:(r)/  n. 星, 明星	v. 以星状物装饰, 变成演员
1 mayoral /'meәrll/  adj.市长的
1 groups /gru:p/  n. 团体,组,团	vt. &vi. 聚合,成群	[计算机] 成组
1 along /ә'lɔŋ; (-) ә'lɔŋ/  adv. 向前,(与某人)一道	prep. 沿着
1 jura /'dʒuәrә/  jus的复数
1 animated /'ænimeitid/  adj. 生气勃勃的,栩栩如生的，动画片的
1 talent /'tælәnt/  n. 才能, 人才, 天资
1 saws /sɔ:/  vbl. 看见(see的过去式)	n. 锯	vt.& vi.用锯子锯
1 makes /meik/  vt.做，制造； 生产，制定； 使成为； 使产生	vi.开始； 尝试； 行进； 增大	n.制造； 生产量； 性格； 形状，样式
1 golden /'gәuld(ә)n/  adj. 金(黄)色的
1 family /'fæmili/  adj. 家庭的	n. 家庭
1 stubborn /'stʌbәn/  adj. 顽固的, 倔强的，难对付的
1 win /win/  n. 胜利	vi. 胜利,成功	vt. 赢得,战胜
1 marked /ma:kt/  adj. 有记号的,显著的,醒目的	v. 作记号,打分数,表示	vbl. 作记号,打分数,表示
1 everybody /'evribɔdi/  pron. 每人, 人人，各人
1 eye /ai/  n. 眼睛	v. 看, 注视
1 stream /stri:m/  n. (人,车,气)流,水流,组	vt. 流出,飘动	vi. 流动,飘动,接踵而来
1 would /wʊd; wəd/  aux.将，将要； 愿意； 会，打算； 大概	v.(will 的过去式，用于转述)将
1 few /fju:/  adj. 很少的,不多的,少数的	int. 少数的	adj. 少数的
1 taken /'teikәn/  vbl.take的过去分词
1 affluence /'æfluәns/  n. 富裕
1 landed /'lændid/  adj. 有田地的
1 particular /pә'tikjulә(r)/  n. 个别项目, 详细说明	adj. 特别的, 独有的; 挑剔的; 详细的
1 mingled /'miŋg(ә)l/  vt. 混合	vi. 联合, 交际
1 town /taun/  n. 城镇,城市
1 grill /gril/  n. 烤架,铁格子,烤肉	vt. 烧,烤,严加盘问
1 none /nʌn/  pron.没有人，没有一人； 没有一个； 没有一部分，没有一点	adv.根本不； 无法，绝不
1 soul /sәul/  n. 灵魂, 精神, 美国黑人(或黑人音乐)	adj. 美国黑人文化特性的
1 crossed /krɔst/  adj.十字的,划掉的,交叉的
1 can /ken/  aux. 能,可以	n. 罐头	vt. 罐装	vt. 炒某人鱿鱼
1 claim /kleim/  n. 要求,要求权;主张,断言,声称;要求物	vt. 要求,请求；主张,声称,断言
1 estate /i'steit/  n. 财产,房地产,状态,遗产
1 pieces /pi:s/  n. 块,片,篇	vt. 修补,结合
1 high /hai/  adj.高的,轻微变质的,高尚的,严重的,强的	adv. 高,好	n. 高地,天堂,高气压,高度,兴奋
1 united /ju'naitid/  adj. 联合的	v. 联合, 统一	vbl. 统一
1 picturesque /piktʃә'resk/  adj. 如画的, 生动的, 别致的
1 inhabitants /in'hæbitәnt/  n. 居民
1 arrangement /ә'reindʒmәnt/  n. 安排,商议,整理
1 machine /mә'ʃi:n/  n.机器，机械； 机械般的人； 核心	vt.用机器制造，用机器加工	vi.被机器切削
1 sunday /'sʌndei/  n. 星期日
1 fourth /fɔ:θ/  n.第四； 月的第四日； 四分之一； 第四音级	adj.第四的； 四分之一的	num.第四
1 secures /si'kjuә(r)/  adj.安全的； 牢固的； 有把握的； 安心的	vt.保护； （使）获得； 使安全； 担保	vi.获得安全，变得安全； 安全，保险； 承保，担保； [航海学]停止工作
1 singular /'siŋgjulә(r)/  adj. 个人的,单数的,独一的,唯一的,非凡的	n. 单数
1 accorded /ә'kɔ:d/  n. 一致,调和,协议，自愿	vi. (与)一致（accord with）	vt.使一致，调解；给予，赠予
1 branches /bra:ntʃ/  n. 分支,树枝	vt &vi. 分支, 分岔
1 light /lait/  n. 光,光线,灯,启发,众所周知的,通光口,眼光	adj. 轻的,不重要的,容易的,明亮的,淡色的	vi. 点燃,着火,变亮,下马,落下,碰巧发生	vt. 点燃,照亮	adv. 轻地,轻便的
1 descends /di'send/  vt. &vi. 降,传,降临
1 chief /tʃi:f/  adj. 主要的, 首席的	n. 首领
1 order /'ɔ:dә(r)/  n.命令； 秩序； 规则，制度； 次序	vt.命令； 订购； 整理	vi.下订单
1 grizzled /'grizld/  adj. 花白的, 灰的
1 pointed /'pɔintid/  adj. 尖的, 锐利的, 率直的，显而易见的	动词point的过去式和过去分词
1 soon /su:n/  adv. 不久, 很快
1 fortify /'fɔ:tifai/  vt. 强化，增强，筑防御工事于，（物质或精神上）支持或鼓励	vi. 构建防御工事
1 terrace /'terәs/  n. 平台,阳台,梯田	v. 使成阶地,使成梯田	vt. 使成梯田
1 smiling /'smailiŋ/  adj.微笑的,晴朗美好的
1 industries /'indәstri/  n. 工业,产业,勤勉,刻苦
1 rapidly /'ræpidli/  adv. 迅速地
1 acres /'eikә(r)/  n. 英亩
1 aquiline /'ækwilain/  adj. 鹰的, 似鹰的, 弯曲的
1 covered /'kʌvәd/  被覆盖的
1 rebuilt /ˏri:'bild/  v. 重建，改建，使复原
1 might /mait/  aux. 可能,也许	n. 力量,威力	v. 或许,可以
1 conquest /'kɔnkwest/  n. 征服
1 deafens /'def(ә)n/  vt. 使聋，把...震聋
1 good /gud/  n. 善行,好处	adj. 好的,优良的,上等的	[pl.]商品
1 they /ðei/  pron. 他们
1 day /dei/  n. 白天,一天
1 bank /bæŋk/  n. 银行,堤,岸	vt. 堆积	vi. 开户, 把...存入银行
1 name /neim/  n. 名字, 名称, 姓名	vt. 命名, 称呼, 任命	adj. 有名的, 著名的
1 blushes /blʌʃ/  n. 脸红,外观	vi. 泛红,羞愧
1 peasant /'pez(ə)nt, 'pɛznt/  n. 农民	n. 民工
1 each /i:tʃ/  adj. 每个, 每, 每一	adv. 每个	int. 每个, 个人, 个自
1 upward /'ʌpwәd/  adj. 向上的, 上升的	adv. 向上, 上升
1 heavy /'hevi/  adj.重的，沉重的； 大量的，浓密的； 激烈的； 重型的	n.重物； 庄重的角色	adv.密集地； 大量地； 笨重地
1 lifted /lift/  vt.& vi.举起，抬起	vt.举起； 提升； 鼓舞； 抬起	vi.消散； 升起； 耸立	n.电梯； 举起； 起重机； 搭车
1 expect /ik'spekt/  v. 预期, 盼望, 期待
1 jagged /'dʒægid/  adj. 锯齿状的，参差不齐的	动词jag的过去式和过去分词
1 beyond /bi'jɔnd/  adv. 在更远处,另外	n. 远处, 来世	prep. 超出, 越过,另外
1 out /aut/  adj. 外面的,向外的,落伍的,不做考虑的	adv. 向外,离岸,外出,出局,出去,用尽,完成,出现,结束	vt. 释放出,结露	vi. 揭发	prep. 向外,通过	n. 外面,在野者,下台者,出局的一击
1 living /'liviŋ/  adj. 活着的	n. 生活, 生计
1 space /speis/  n. 位置, 空间, 距离, 太空, 空地, 持续的一段时间	vt. &vi. 均匀隔开, 分隔
1 roofs /ru:f/  n. 屋顶, 顶盖	vt. 给...覆以屋顶,覆盖
1 eternal /i'tә:n(ә)l/  adj. 永久的,永恒的	n. 永恒的事
1 sheer /ʃiә(r)/  adj. 绝对的,全然的,峻峭的 	vt. &vi. 急转,躲避	adv. 完全,全然,峻峭	n. 转向,(甲板的)脊弧,透明薄织物
1 quite /kwait/  adv. 很,十分
1 put /put/  vt. 放,安置, 使处于	vi. 提交, 记下
1 proficiency /prә'fiʃәnsi/  n. 熟练,精通
1 enormous /i'nɔ:mәs/  adj. 巨大的, 庞大的
1 reared /riә(r)/  n. 后面,背后,臀部	adj. 后面的,背面的,后方的	vt. 养育,饲养,举起,建立	vi. 高耸,用后腿站立
1 motion /'mәuʃ(ә)n/  n.运动； 手势； 动机，意向； 请求	vt.打手势； 向某人点头或摇头示意； 打手势要求[指示]	vi.运动； 打手势
1 place /pleis/  n. 地方,职位,获奖的名次	vt. 放置,任命,安排	vi. 获得名次
1 think /θiŋk/  vt.想； 思索； 以为； 看待	vi.思辩； 考虑； 构想； 回忆	adj.深思的； 供思考的	n.想； 想法
1 features /'fi:tʃә(r)/  n. 特征, 容貌	vt. 以...为特色	vi. 起重要作用
1 coming /'kʌmiŋ/  n. 来临	adj. 就要来的, 将来的	动词come的现在分词
1 number /'nʌmbә(r)/  n. 号码,数字	v. 编号,加号码,总计	vi. 总计	vt. 编号
1 feet /fi:t/  n. foot的复数
1 another /ә'nʌðә(r)/  adj. 另一,再一	pron.&amp;prep. 另一个
1 spanish /'spæniʃ/  adj. 西班牙的	n. 西班牙语
1 passes /pa:s; (-) pæs/  vt.& vi.走过； 通过； 批准； 度过	vt.传球； 及格； 发生； 不要	n.通道； 通行证； 关口； 越过
1 twenty /'twenti/  adj. 二十,20,20
1 anyone /'eniwʌn/  pron. 任何人
1 terrifying //  adj. 可怕的	动词terrify的现在分词
1 white /wait; (-) hwait/  adj. 白色的,白种的,纯洁的,幸运的	n. 白色,白种人
1 paved /peiv/  v. 铺设, 安排, 为...铺路
1 vigorous /'vigәrәs/  adj. 精力充沛的,元气旺盛的,有力的
1 ownership /'әunәʃip/  n. 所有权
1 exactly /ig'zæktli/  adj. 完全的	adv. 恰好地,正好地,正确地,精确地,正是
1 lower /'lәuә(r)/  adj. 低的, 下级的, 下层的	vt. 降低, 跌落, 减弱, 贬低	vi. 皱眉, 降低, 阴沉, 变少	n. 皱眉, 下级, 阴沉的样子, 前兆
1 than /ðen/  conj.比（用于比较级）； 宁愿…而不愿； 除…以外； 一…就	prep.超过； 比
1 distance /'distәns/  n. 距离, 远方, 路程	vt. 与 ... 保持距离, 把(对手)甩在后面	adj. 远程(教育)的
1 kind /kaind/  adj. 仁慈的,友好的	n. 种类,本质
1 matter /'mætә(r)/  n. 事件, 物质, 原因	vi. 有关系
1 states /steit/  n. 州, 国, 情形	adj. 国家的, 州的, 正式的	vt. 说, 陈述, 声明, 规定
1 were /w&#601;:/  be动词的复数过去式，are的过去式
1 gigantic /dʒai'gæntik/  adj. 巨大的
1 torrent /'tɔrәnt; (-) 'tɔ:r-/  n. 激流, 山洪
1 seem /si:m/  vi. 像是,似乎
1 prosperity /prɒ'sperɪtɪ, prɑ'spɛrətɪ/  n. 繁荣,兴旺
1 built //  vbl.build的过去式和过去分词
1 latter /'lætә(r)/  adj. 后面的,后者的	pron.&amp;n. 后者
1 responsible /ri'spɔnsib(ә)l/  adj. 有责任的,负责的,责任重大的,应负责的
1 snow /snәu/  n. 雪,似雪花的东西,粉状物,下雪	vi. 下雪	vt. 像雪一般落下,使雪白,欺骗
1 shocked /ʃɔkt/  adj. 震惊的,震撼的
1 also /'ɔ:lsәu/  adv. 也, 同样地, 而且
1 labour /'leibә(r)/  n. 劳动, 劳工	Labour (英国)工党
1 take /teik/  vt.拿，取； 采取； 接受（礼物等）； 耗费（时间等）	vi.拿； 获得	n.镜头； 看法； 收入额； 场景
1 imprudent /im'pru:dәnt/  adj. 轻率的，不谨慎的
1 acquire /ә'kwaiә(r)/  vt. 占有,获得,取得,学到
1 though /ðәu/  adv. 可是,然而,不过	conj. 尽管,虽然	prep. 但.
1 paid /peid/  adj.已付钱的,有薪俸的	动词pay的过去式和过去分词
1 plan /plæn/  n. 计划,策略,方法	vt. 计划,设计,打算	vi. 打算
1 proud /praud/  adj. 骄傲的, 自豪的, 壮观的
1 reputation /repju'teiʃ(ә)n/  n. 声誉,好名声
1 undulations /ʌndju'leiʃ(ә)n/  n. 波动, 弯曲, 起伏
1 away /ә'wei/  adv. 远离,离开,出去,连续的,遥远地
1 fact /fækt/  n. 实际, 事实
1 slope /slәup/  n. 倾斜,斜坡,斜面,斜线	vt. 使倾斜	vi. 倾斜,有坡度
1 atmosphere /'ætmәsfiә(r)/  n. 大气, 气氛，空气, 格调, 情趣, 气压
1 stunned /st&#652;nd/  adj. 震惊的，惊讶的	动词stun的过去式和过去分词
1 bring /briŋ/  vt. 带来, 引起, 促使, 劝诱	vi. 产生
1 rough /rʌf/  adj.粗糙的，崎岖不平的； 粗鲁的； 狂暴的，汹涌的； 未经加工的	vt.粗暴地对待； 使粗糙； 草拟	n.粗糙的部分； 艰难，苦难； （高尔夫球场的）深草区	adv.粗暴地	vi.举止粗野
1 find /faind/  vt. &vi. 发现,感觉到,认为	n. 发现物
1 ground /graund/  n. 土地,战场,场地,根据,背景	vt. 放在地上,使...搁浅,打基础 grind的过去式和过去分词
1 busy /'bizi/  adj. 忙的,杂乱的	vt. 使忙于	vi. 忙
1 true /tru:/  adj. 确切的,可靠的,真实的,正确的,正式的	adv. 笔直地,事实地	n. 真相,精确	vt. 使...平衡
1 debts /det/  n. 债务, 义务, 负债状态, 罪, 过失
1 written /'ritn/  adj. 书面的, 写成文字的	vbl. 写, 著述
1 wood /wʊd/  n.木材； 树林； 木制品	vi.收集木材	vt.在…植树造林； 给…添加木柴	adj.木制的； 失去理智的
1 enriched /in'ritʃ/  vt. 使富足,使肥沃，添加元素
1 pretty /'priti/  adj.漂亮的； 机灵的，聪明的	adv.相当，颇	n.漂亮的人（或东西）
1 thousands /'θauzәnd/  adj. 千,成千
1 above /ә'bʌv/  adj. 上面的	adv. 在上面, 超过	n. 上面的东西	prep. 在...上面, 超过
1 perceive /pә'si:v/  v. 察觉, 感觉, 认知, 理解
1 beam /bi:m/  n. 光线,电波,横梁,容光焕发	vt. 闪亮,为...上梁	vi. 微笑,发光
1 october /ɔk'tәubә(r)/  n. 十月
1 pestilential /pesti'lenʃ(ә)l/  adj. 引起瘟疫的，有害的
1 traverses /'trævəs; trə'vɜːs; trə'vɝs/  n. 横贯, 横木	v. 横过, 铭刻
1 stupid /'stju:pid; (-) 'stu:-/  adj. 愚蠢的,笨拙的，麻木的，无趣味的	n. 傻瓜
1 through /θru:/  adv. 穿越, 完全	prep. 经过, 穿过, 凭借	adj. 完成的, 完结的; 贯穿的, 直通的
1 where /weә(r); (-) hweәr/  adv.哪里，在哪里； 到哪里； 某种情势或位置	conj.在…的地方	n.地方，场所	pron.哪里
1 view /vju:/  n. 视野,风景,见解,方法,检查	vt. 把...视为,看,考虑
1 set /set/  vt.放置，安置； 使处于某种状况； 设置； 摆放餐具	vi.落山； 出发； 凝结	n.一套，一副； 集合； 布景； 电视机	adj.固定的； 位于…的； 顽固的； 安排好的
1 throwing /θrәu/  n. 投,掷,抛, 头巾, 行程	vt. 丢,掷,抛,猛动,抬起,挥动	vi. 投以
1 see /si:/  vt. 看见,经历,明白,确保,视为,拜访,陪同	vi. 注意,想象,了解,调查	n. 主教教区,主角权限
1 lost /lɔst; (-) lɔ:st/  adj. 失去的,遗失的,迷惑的	v. 遗失,损失,失败
1 said /sed/  adj.上述的	动词say的过去式和过去分词形式
1 drawling /'drɔ:liŋ/  adj.慢吞吞的,有气无力的
1 behind /bi'haind/  adv. 在后面,落后,迟地	adj. 后面的, 落后的, 迟的, 慢的	prep. 在...之后,落后于,掩盖,基于,支持	n. 屁股
1 numerous /'nju:mәrәs; (-) 'nu:-/  adj. 为数众多的,许多
1 notice /'nәutis/  n. 注意,布告,通知	vt. 注意,通知,留心
1 tyranny /'tirәni/  n. 暴政，苛政，专制
1 last /la:st; (-) læst/  adj. 最后的,末尾的,最近的,晚了，迟到了	adv. 最后,最新	n. 最后来的人（或发生的事）	vi. &vt. 持续
1 country /'kʌntri/  adj. 国家的, 农村的	n. 国家，乡村，区域
1 disappears /disә'piә(r)/  vi. 消失,灭绝	vt. 引起消失
1 finds /faind/  vt. &vi. 发现,感觉到,认为	n. 发现物
1 comes /kʌm/  vt. 接近，扮演	vi. 来，发生，达到，进入
1 tone /tәun/  n. 音调,语气,品质,调子,色调	vt. 使更健壮,装腔作势地说, 定调, 调色	vi. 调和(颜色), 呈现悦目色调
1 yards /ja:d/  n. 庭院, 场地, 码
1 wall /wɔ:l/  n. 墙壁,垣,绝境	vt. 堵塞, 分割, 用墙围住, 演戏般地转动(眼睛)	vi. 演戏般地转动(眼睛)
1 hewn /hju:n/  adj. 砍成的, 砍到的	动词hew的过去分词	abbr. 卫生教育和福利部(=Department of Health, Education, and Welfare)
1 walk /wɔ:k/  n. 散步,步行,生活	vt. 走过,走路,遛(狗),巡视	vi. 走路
1 exploit /ik'splɔit, ˈɛksplɔːɪt/  n. 功绩,勋绩	vt.&vi. 开发,利用,开拓
1 village /'vilidʒ/  n. 村庄
1 respect /ri'spekt/  n. 尊敬, 敬重; 关系, 方面	vt. 尊敬, 尊重; 关于, 涉及
1 combines /kəm'baɪn/  n. 集团,联合收割机	v. 化合,结合,联合	vi. 结合,联合	vt. 使结合,使联合
1 petty /'peti/  adj. 琐碎的,小规模的,小气的
1 asks /a:sk/  vt. 询问, 请求，要求，开价	vi. 询问，恳求
1 stretch /stretʃ/  n. 伸展,张开	adj. 可伸缩的	vt. &vi. 伸展,张开,延伸
1 due /dju:; (-) du:/  n. 应得物	adj. 预定的, 应付的, 到期的, 应有的
1 been //  vbl.(be)的过去分词,到过,去过,是,有,来过又走了
1 quickly /'kwikli/  adv. 快, 迅速
1 workshop /'wә:kʃɔp/  n. 车间, 工场, 研讨会, 讲习班
1 threw /&#952;ru:/  throw的过去式
1 lived //  suf. 表示“寿命 ... 长的，生活 ... 的”	动词live的过去式和过去分词
1 painted /'peintid/  adj.描画的,着色的
1 thousand /'θauzәnd/  adj. 千,成千
1 formed //  adj. 成形的	动词form的过去式和过去分词
1 neighbour /'neibә(r)/  n. 邻居(邻近的东西, 邻近值)	vt 邻接(相邻, 接近)
1 paying /'peiiŋ/  adj.支付的,有利的 n.付,支付
1 air /eә(r)/  n. 空气,旋律,气氛,态度	vt. &vi. 晾干,使通风,广播
1 owns /әun/  adj. 自己的, 嫡亲的	pron. 自己的	vi. 承认	vt. 拥有, 承认
1 gave /geiv/  give的过去式
1 wiseacres /'waizeikә(r)/  n. 自以为聪明者，自以为懂事的人
1 almost /'ɔ:lmәust/  adv. 几乎,差不多	adj. 几乎
1 itself /it'self/  pron. 它自己, 它本身
1 owes /әu/  v. 欠	vi. 欠钱	vt. 欠(债等),归功于,应感谢
1 italy /'itәli/  n. 意大利
1 pay /pei/  n. 薪资,付款,报偿	vt. 支付,付清,报偿,给予	vi. 债清，值得，承担后果	adj. 投币的，要钱的
1 cross /krɔs/  n. 十字架,十字架形物件,交叉,交叉路	adj. 生气的,交叉的	vt. 划叉剔除，画横线于	vi. 穿越	prep. 穿过
1 forehead /'fɔrid; (-) 'fɔ:rid; 'fɔr'hɛd/  n. 额,前额
1 sheltered /'&#643;elt&#601;d/  adj. 受保护的; 受庇护的	动词shelter的过去式和过去分词形式
1 several /'sevr(ә)l/  adj. 几个,各自的	pron. 若干
1 wheel /wi:l; (-) hwi:l/  n. 轮子,周期,旋转运动	vi. 旋转,转动	vt. 推或拉车,传送,打圈,装以车轮
1 fairly /'feәli/  adj. 公平地, 相当	adv. 相当地
1 used /ju:st/  adj. 使用过的, 二手的, 习惯的	v. 用, 以前曾经	vbl. 用, 习惯
1 peaks /pi:k/  n. 山顶,顶点,帽舌	vi. 到达高点,消瘦	vt. 使到达顶峰,竖起	adj. 处于顶峰状态的
1 mountain /'mauntin/  n. 山,山脉,大量
1 upon /ә'pɔn/  prep. 在...上
1 negotiate /ni'gәuʃieit/  vt. 转让,越过,处理,协商	vi. 协商
1 flows /flәu/  vi.流； 垂； 流出； （谈话、文体等）流畅	n.流动； 滔滔不绝； 涨潮； 连贯	vt.使泛滥； 淹没； 排出
1 delight /di'lait/  n. 快乐,高兴	vi. 给与乐趣,使高兴	vt. 使高兴
1 devoid /di'vɔid/  adj. 全无的, 缺乏的
1 characters /'kæriktә(r)/  n. 个性, 品质; 字符; 人物; 名誉; 地位
1 tune /tju:n; (-) tu:n/  n. 旋律,音准,数量	vt. 调音(频),调节,使和谐	vi. 和谐,调频
1 indefinable /ˏindi'fainәbl/  adj. 不能下定义的, 不确定的
1 scarcely /'skeәsli/  adv. 几乎不, 简直没有, 勉强
1 realises /'riәlaiz/  v.觉悟,明白
1 builder /'bildә(r)/  n. 建立者，建筑工人	n. 增洁剂
1 well /wel/  n. 井,源泉,楼梯井	adj. 健康的,良好的,适宜的	adv. 很好地,适当地	vi. 涌出	interj. 好吧,啊
1 reward /ri'wɔ:d/  n. 报酬,报答,赏金	vt. 给...报酬,奖赏
1 latest /'leitist/  形容词late的最高级形式	adj. 最近的,最新的	n. 最迟的时间,最新的潮流
1 just /dʒʌst/  adj. 公正的,公平的,恰当的	adv. 正好,恰好
1 less /les/  adj. 更少的,更小的	adv. 更少地,更小地	n. 少量, 次要	prep. 减
1 being /'bi:iŋ/  n. 人,生物,存在	vi. 存在, 处于, 举行, 去或来, 是	adj. 现在的,目前的
1 offensive /ә'fensiv/  adj. 令人不快的,侮辱的,攻击用的	n. 进攻
1 masons /'meis(ә)n/  n. 泥瓦匠,共济会会员	v. 用砖瓦砌成
1 thanks /&#952;&#230;&#331;ks/  int. 谢谢	n. 谢谢(只用复数)
1 hills /hil/  n. 小山, 小堆, 斜坡	vt. 堆起, 培土
1 majority /mә'dʒɔriti; (-) -'dʒɔ:r-/  n.多数； （获胜的）票数； 成年； 法定年龄
1 surprises /sә'praiz/  n. 惊奇, 使惊讶的人或事物	vt. &vi. 使惊奇, 突击, 逮捕
1 knew //  vbl.know的过去式
1 transformed /træns'fɔ:m/  vt. 转换,变形	vi. 改变	n. 变形
1 plateau /'plætәu; (-) plæ'tәu/  n. 高原;平稳;稳定状态	vi. 到达平稳阶段
1 struck /str&#652;k/  strike的过去式(分词)
1 possible /'pɔsib(ә)l/  adj. 可能的
1 five /faiv/  num. 五	pron.&amp;adj. 五(个,只...)
1 know /nәu/  vt. &vi.知道,了解,认识
1 dignity /'digniti/  n. 尊严, 高贵, 端庄
1 like /laik/  adj. 相似的,同样的	vt. &vi. 喜欢,愿意,想	prep. 像,如同	n. 爱好,类似的人（或物）	adv. 大概,和…一样	conj. 如同
1 precise /pri'sais/  adj. 精确的,准确的,认真的
1 mulhouse /mju:'lu:z/  牟罗兹[法国东北部城市]
1 steps /step/  n. 步骤,步伐,踏级	vt. 踏,以步测量
1 become /bi'kʌm/  vt. 变得	vi. 存在,变得,经历改变或发展
1 essential /i'senʃ(ә)l/  adj.基本的； 必要的； 本质的； 精华的	n.必需品； 基本要素； 必不可少的东西
1 spring /spriŋ/  n. 春天, 弹簧, 弹跳, 泉水, 投射	vt. 弹起, 使喷涌, 越过, 弹出, 释放, 发生, 跳, 裂开	vi. 射出, 涌入(出), 发芽, 长高
1 church /tʃә:tʃ/  n. 教堂,礼拜仪式,基督教徒	adj. 教堂的	vt. 把...带到教堂接受某种宗教仪式
1 back /bæk/  adj. 后面的，偏远的, 过时的, 积欠的, 向后的	adv. 向后地	n. 后背, 背脊，后面, 靠背	vt. 后退，支持	vi. 后退
1 election /i'lekʃ(ә)n/  n. 选举
1 stops /stɔp/  n. 停止,车站,滞留,阻挡	vt. 停止,制止,塞住	vi. 停止,停留,结束
1 innovation /inә'veiʃ(ә)n/  n. 创新, 革新
1 three /θri:/  num. 三	pron.&amp;adj. 三(个,只...)
1 noise /nɔiz/  n. 声音,响声,喧哗声,噪声	vt. 谣传	vi. 大声说话, 发出噪音
1 nails /neil/  n. 钉子,指甲	vt. 钉, 使牢固, 抓捕, 敲定
1 although /ɔ:l'ðәu/  conj. 尽管, 虽然
1 terraced /'ter&#601;st/  adj. (房屋)沿斜坡建造的	动词terrace的过去式和过去分词形式
1 manufacturing /,mænjʊ'fæktʃərɪŋ; ,mænju'fæktʃərɪŋ/  n. 制造业 adj. 制造业的
1 manufactures /mænju'fæktʃә(r)/  n. 产品,制造,制造业	vt. 制造,加工	vi. 参与制造
1 stone /stәun/  n.石头； 宝石； 矿石； （膀胱或肾脏中的）结石	vt.向扔石块； 用石头铺； 以石掷向； 除（水果的）硬核	adj.石制的； 石头似的； [S-]石器时代的； 粗陶制的	adv.石一般的
1 incline /in'klain/  n. 倾斜, 斜坡, 斜面	v. 使...倾向, 爱好, 易于
1 piles /pail/  n. 堆,桩,大量,核反应堆	vi. 形成堆,拥挤进入	vt. 堆积,装载
1 industry /'indәstri/  n. 工业,产业,勤勉,刻苦
1 surround /sә'raund/  n. 环绕物	vt. 包围,环绕
1 horizon /hә'raiz(ә)n/  n. 地平线；视野；眼界
1 road /rәud/  n. 路
1 seeing /si:/  vt. 看见,经历,明白,确保,视为,拜访,陪同	vi. 注意,想象,了解,调查	n. 主教教区,主角权限
1 own /әun/  adj. 自己的, 嫡亲的	pron. 自己的	vi. 承认	vt. 拥有, 承认
1 previously /'pri:vju:sli/  adv. 以前(预先)
1 within /wi'ðin/  adv. 在内	n. 里面	prep. 在...里面	adj. 在里面的
1 criticised /'kritisaiz/  v. 批评，评论，吹毛吹疵	=criticize（美）
1 appropriate /ә'prәuprieit/  adj. 适当的, 相称的	vt. 拨出(款项); 占用
1 impatience /im'peiʃәnz/  n. 不耐烦
1 transfer /træns'fә:(r)/  n. 迁移, 移动, 换车	v. 转移, 调转, 调任
1 alleged /ә'ledʒd/  adj. 被说成的，声称的，有嫌疑的
1 long /lɔŋ; (-) lɔ:ŋ/  adj. 长的,很久的,冗长的	vi. 渴望,热望,极想	adv. 长期地,远地	n. 长时间,长音节
1 rushes /rʌʃ/  vi.（使）急速行进，仓促完成； 猛攻； 急速流动，奔腾	vt.突袭； （使）仓促行事； 催促； （为物色、招募目的）特别关注	n.冲； 匆忙； 繁忙的活动； 涌动
1 occupy /'ɔkjupai/  vt. 占领,占,住进
1 much /mʌtʃ/  adj. 许多的	adv. 很,非常	pron.&amp;n. 许多
1 way /wei/  n. 方法,道路,方向,作风,(某)方面,程度,状态	adv. 非常,很多,很远	adj. 与路线的中间点相关的,路线的中间点
1 manufacture /mænju'fæktʃә(r)/  n. 产品,制造,制造业	vt. 制造,加工	vi. 参与制造
1 head /hed/  n. 头脑,领袖,冷静，硬币的正面，顶端，高潮	vt. &vi. 为首,朝向,前进，超过，起源	adj. 首要的，前面的
1 north /nɔ:θ/  adj. 北,北方(的)	adv. 向北方	n. 北,北方
1 line /lain/  n. 行,线,航线,场界,皱纹,家族	vt. &vi. 用做衬里,排成一行,顺...排列	vi. 排成一行,顺...排列,划线于
1 strident /'straidәnt/  adj. 刺耳的, 吱吱尖叫的, 尖锐的
1 hair /heә(r)/  n. 头发, 毛发, 毛织物, 极少量, 极短距离
1 admiration /ædmə'reɪʃ(ə)n; ,ædmə'reʃən/  n. 钦佩, 赞赏
1 minutes /'minit/  adj. 微小的,不重要的,详细的 n. 分钟,一会儿,会议记录 vt. 记录
1 adopt /ә'dɔpt/  v. 采用, 收养, 接受
1 influence /'influәns/  vt. 影响, 感化	n. 影响力, 势力; 影响, 权势	n. 有影响的人(或事物)
1 general /'dʒenәr(ә)l/  n. 一般,将军,大体	adj. 一般的,普遍的	v. 指挥,作...将军
1 ideally /ai'diәli/  adv. 理想地, 完美地，观念上地
1 floor /flɔ:(r)/  n. 地板,楼层,底部,地面,议员,底线	vt. 铺地板,击倒,油门踩到底
1 dressed /drest/  adj. 打扮好的	动词dress的过去式和过去分词形式
1 flood /flʌd/  n. 洪水,水灾	v. 淹没,溢出	vi. 大量涌到,泛滥	vt. 灌溉,淹没
1 republic /ri'pʌblik/  n. 共和国,共和政体
1 separate /'sepәrәt/  n. 分开, 抽印本	adj. 分开的, 各自的, 单独的	v. 分开, 隔开, 分居
1 important /im'pɔ:tәnt/  adj. 重要的,影响很大的
1 prudent /'pru:dәnt/  adj. 谨慎的, 有远见的, 精打细算的
1 age /eidʒ/  n. 年龄，时期，很长时间	vt. (使)变老	vi. 变老,(使）变成熟
1 summit /'sʌmit/  n. 顶点;最高阶层	vi. 参加最高级会议,爬到最高点
1 far /fa:(r)/  adv.&amp;adj. 远的(地)	n. 远处
1 fresh /freʃ/  adj.新鲜的； 淡水的； 新的； 无经验的	adv.刚； 最新的	n.开始； 新生； 泛滥； 淡水流
1 frankfurt /'fræŋkfәt/  n. 法兰克福(德国城市)
1 parcels /'pa:s(ә)l/  n. 包裹,一块地	vt. 打包,分配	adj. 兼职的,部分的
1 profits /'prɔfit/  n. 利润, 盈利比率，利益	vi. 利用，获利	vt. 有益于
